npm error code ERESOLVE
npm error ERESOLVE could not resolve
npm error
npm error While resolving: @tremor/react@3.18.7
npm error Found: react@19.2.3
npm error node_modules/react
npm error   peer react@">=16.8.0" from @floating-ui/react@0.19.2
npm error   node_modules/@floating-ui/react
npm error     @floating-ui/react@"^0.19.2" from @tremor/react@3.18.7
npm error     node_modules/@tremor/react
npm error       @tremor/react@"^3.18.7" from the root project
npm error   peer react@">=16.8.0" from @floating-ui/react-dom@1.3.0
npm error   node_modules/@floating-ui/react-dom
npm error     @floating-ui/react-dom@"^1.3.0" from @floating-ui/react@0.19.2
npm error     node_modules/@floating-ui/react
npm error       @floating-ui/react@"^0.19.2" from @tremor/react@3.18.7
npm error       node_modules/@tremor/react
npm error         @tremor/react@"^3.18.7" from the root project
npm error   30 more (@headlessui/react, @floating-ui/react, ...)
npm error
npm error Could not resolve dependency:
npm error peer react@"^18.0.0" from @tremor/react@3.18.7
npm error node_modules/@tremor/react
npm error   @tremor/react@"^3.18.7" from the root project
npm error
npm error Conflicting peer dependency: react@18.3.1
npm error node_modules/react
npm error   peer react@"^18.0.0" from @tremor/react@3.18.7
npm error   node_modules/@tremor/react
npm error     @tremor/react@"^3.18.7" from the root project
npm error
npm error Fix the upstream dependency conflict, or retry
npm error this command with --force or --legacy-peer-deps
npm error to accept an incorrect (and potentially broken) dependency resolution.
npm error
npm error
npm error For a full report see:
npm error /Users/aydin/.npm/_logs/2026-03-04T11_33_08_341Z-eresolve-report.txt
npm error A complete log of this run can be found in: /Users/aydin/.npm/_logs/2026-03-04T11_33_08_341Z-debug-0.log
